2024-08-15 16:44:00,002 data_preprocessing INFO: Data preprocessing started.
2024-08-15 16:44:00,004 data_preprocessing INFO: Loading raw data from data/raw/sample_data.csv.
2024-08-15 16:44:00,053 data_preprocessing INFO: Raw data loaded successfully with shape (10000, 20).
2024-08-15 16:44:00,055 data_preprocessing INFO: Dropping missing values.
2024-08-15 16:44:00,058 data_preprocessing INFO: Missing values dropped. Data shape is now (9500, 20).
2024-08-15 16:44:00,060 data_preprocessing INFO: Encoding categorical features.
2024-08-15 16:44:00,085 data_preprocessing INFO: Categorical features encoded successfully.
2024-08-15 16:44:00,086 data_preprocessing INFO: Normalizing numerical features.
2024-08-15 16:44:00,115 data_preprocessing INFO: Numerical features normalized successfully.
2024-08-15 16:44:00,117 data_preprocessing INFO: Splitting data into training and testing sets.
2024-08-15 16:44:00,120 data_preprocessing INFO: Data split completed. Training data shape: (7600, 20), Testing data shape: (1900, 20).
2024-08-15 16:44:00,122 data_preprocessing INFO: Saving processed data to data/processed/processed_data.csv.
2024-08-15 16:44:00,128 data_preprocessing INFO: Processed data saved successfully.
2024-08-15 16:44:00,130 data_preprocessing INFO: Data preprocessing completed.
2025-11-24 10:48:15,498 preprocess_data_logger INFO: Starting data preprocessing pipeline...
2025-11-24 10:48:15,498 preprocess_data_logger INFO: Loading raw data...
2025-11-24 10:48:15,543 preprocess_data_logger INFO: Loaded metadata.csv with shape (20, 2)
2025-11-24 10:48:15,544 preprocess_data_logger INFO: Total raw data shape: (20, 2)
2025-11-24 10:48:15,544 preprocess_data_logger INFO: Starting data preprocessing...
2025-11-24 10:48:15,544 preprocess_data_logger INFO: Handling missing values...
2025-11-24 10:48:15,563 preprocess_data_logger INFO: Normalizing data...
2025-11-24 10:48:33,824 preprocess_data_logger INFO: Starting data preprocessing pipeline...
2025-11-24 10:48:33,825 preprocess_data_logger INFO: Loading raw data...
2025-11-24 10:48:33,828 preprocess_data_logger INFO: Loaded metadata.csv with shape (20, 2)
2025-11-24 10:48:33,828 preprocess_data_logger INFO: Total raw data shape: (20, 2)
2025-11-24 10:48:33,828 preprocess_data_logger INFO: Starting data preprocessing...
2025-11-24 10:48:33,828 preprocess_data_logger INFO: Handling missing values...
2025-11-24 10:48:33,829 preprocess_data_logger INFO: Normalizing data...
2025-11-24 10:48:33,904 preprocess_data_logger INFO: Data preprocessing complete.
2025-11-24 10:48:33,904 preprocess_data_logger INFO: Starting image preprocessing...
2025-11-24 10:48:33,919 preprocess_data_logger INFO: Preprocessed 20 images.
2025-11-24 10:48:34,831 preprocess_data_logger INFO: Saving processed data to F:\AMG-Project\Multimodel\src\..\data\processed\processed_train.csv...
2025-11-24 10:48:34,915 preprocess_data_logger INFO: Processed data saved successfully.
2025-11-24 10:48:34,915 preprocess_data_logger INFO: Saving processed data to F:\AMG-Project\Multimodel\src\..\data\processed\processed_test.csv...
2025-11-24 10:48:34,926 preprocess_data_logger INFO: Processed data saved successfully.
2025-11-24 10:48:34,927 preprocess_data_logger INFO: Data preprocessing pipeline completed successfully.
2025-12-01 10:49:41,601 preprocess_data_logger INFO: Starting data preprocessing pipeline...
2025-12-01 10:49:41,632 preprocess_data_logger INFO: Loading raw data...
2025-12-01 10:49:41,897 preprocess_data_logger INFO: Loaded metadata.csv with shape (20, 2)
2025-12-01 10:49:41,897 preprocess_data_logger INFO: Total raw data shape: (20, 2)
2025-12-01 10:49:41,897 preprocess_data_logger INFO: Starting data preprocessing...
2025-12-01 10:49:41,897 preprocess_data_logger INFO: Handling missing values...
2025-12-01 10:49:41,968 preprocess_data_logger INFO: Normalizing data...
2025-12-01 10:49:42,197 preprocess_data_logger INFO: Data preprocessing complete.
2025-12-01 10:49:42,197 preprocess_data_logger INFO: Starting image preprocessing...
2025-12-01 10:51:39,248 preprocess_data_logger INFO: Starting data preprocessing pipeline...
2025-12-01 10:51:39,264 preprocess_data_logger INFO: Loading raw data...
2025-12-01 10:51:39,264 preprocess_data_logger INFO: Loaded metadata.csv with shape (20, 2)
2025-12-01 10:51:39,264 preprocess_data_logger INFO: Total raw data shape: (20, 2)
2025-12-01 10:51:39,264 preprocess_data_logger INFO: Starting data preprocessing...
2025-12-01 10:51:39,264 preprocess_data_logger INFO: Handling missing values...
2025-12-01 10:51:39,270 preprocess_data_logger INFO: Normalizing data...
2025-12-01 10:51:39,270 preprocess_data_logger INFO: Data preprocessing complete.
2025-12-01 10:51:39,270 preprocess_data_logger INFO: Starting image preprocessing...
2025-12-01 10:51:39,678 preprocess_data_logger INFO: Preprocessed 20 images.
2025-12-01 10:57:30,575 preprocess_data_logger INFO: Starting data preprocessing pipeline...
2025-12-01 10:57:30,580 preprocess_data_logger INFO: Loading raw data...
2025-12-01 10:57:30,693 preprocess_data_logger INFO: Loaded metadata.csv with shape (20, 2)
2025-12-01 10:57:30,694 preprocess_data_logger INFO: Total raw data shape: (20, 2)
2025-12-01 10:57:30,695 preprocess_data_logger INFO: Starting data preprocessing...
2025-12-01 10:57:30,695 preprocess_data_logger INFO: Handling missing values...
2025-12-01 10:57:30,765 preprocess_data_logger INFO: Normalizing data...
2025-12-01 10:57:30,994 preprocess_data_logger INFO: Data preprocessing complete.
2025-12-01 10:57:30,994 preprocess_data_logger INFO: Starting image preprocessing...
2025-12-01 10:57:31,768 preprocess_data_logger INFO: Preprocessed 20 images.
2025-12-01 10:57:49,086 preprocess_data_logger INFO: Saving processed data to F:\AMG-Project\Multimodel\src\..\data\processed\processed_train.csv...
2025-12-01 10:57:49,149 preprocess_data_logger INFO: Processed data saved successfully.
2025-12-01 10:57:49,149 preprocess_data_logger INFO: Saving processed data to F:\AMG-Project\Multimodel\src\..\data\processed\processed_test.csv...
2025-12-01 10:57:49,165 preprocess_data_logger INFO: Processed data saved successfully.
2025-12-01 10:57:49,165 preprocess_data_logger INFO: Data preprocessing pipeline completed successfully.
2025-12-02 18:17:25,598 preprocess_data_logger INFO: Starting data preprocessing pipeline...
2025-12-02 18:17:25,677 preprocess_data_logger INFO: Loading raw data...
2025-12-02 18:17:25,798 preprocess_data_logger INFO: Loaded metadata.csv with shape (20, 2)
2025-12-02 18:17:25,798 preprocess_data_logger INFO: Total raw data shape: (20, 2)
2025-12-02 18:17:25,798 preprocess_data_logger INFO: Starting data preprocessing...
2025-12-02 18:17:25,798 preprocess_data_logger INFO: Handling missing values...
2025-12-02 18:17:25,886 preprocess_data_logger INFO: Normalizing data...
2025-12-02 18:17:26,021 preprocess_data_logger INFO: Data preprocessing complete.
2025-12-02 18:17:26,036 preprocess_data_logger INFO: Starting image preprocessing...
2025-12-02 18:17:26,986 preprocess_data_logger INFO: Preprocessed 20 images.
2025-12-02 18:17:41,295 preprocess_data_logger INFO: Saving processed data to F:\AMG-Project\Multimodel\src\..\data\processed\processed_train.csv...
2025-12-02 18:17:41,452 preprocess_data_logger INFO: Processed data saved successfully.
2025-12-02 18:17:41,452 preprocess_data_logger INFO: Saving processed data to F:\AMG-Project\Multimodel\src\..\data\processed\processed_test.csv...
2025-12-02 18:17:41,467 preprocess_data_logger INFO: Processed data saved successfully.
2025-12-02 18:17:41,467 preprocess_data_logger INFO: Data preprocessing pipeline completed successfully.
2025-12-03 12:14:54,524 preprocess_data_logger INFO: Starting data preprocessing pipeline...
2025-12-03 12:14:54,550 preprocess_data_logger INFO: Loading raw data...
2025-12-03 12:14:54,611 preprocess_data_logger INFO: Loaded metadata.csv with shape (20, 2)
2025-12-03 12:14:54,611 preprocess_data_logger INFO: Total raw data shape: (20, 2)
2025-12-03 12:14:54,611 preprocess_data_logger INFO: Starting data preprocessing...
2025-12-03 12:14:54,611 preprocess_data_logger INFO: Handling missing values...
2025-12-03 12:14:54,678 preprocess_data_logger INFO: Normalizing data...
2025-12-03 12:14:54,738 preprocess_data_logger INFO: Data preprocessing complete.
2025-12-03 12:14:54,738 preprocess_data_logger INFO: Starting image preprocessing...
2025-12-03 12:14:55,486 preprocess_data_logger INFO: Preprocessed 20 images.
2025-12-03 12:15:08,277 preprocess_data_logger INFO: Saving processed data to F:\AMG-Project\Multimodel\src\..\data\processed\processed_train.csv...
2025-12-03 12:15:08,396 preprocess_data_logger INFO: Processed data saved successfully.
2025-12-03 12:15:08,396 preprocess_data_logger INFO: Saving processed data to F:\AMG-Project\Multimodel\src\..\data\processed\processed_test.csv...
2025-12-03 12:15:08,410 preprocess_data_logger INFO: Processed data saved successfully.
2025-12-03 12:15:08,410 preprocess_data_logger INFO: Data preprocessing pipeline completed successfully.
