2024-08-15 16:44:00,001 __main__ INFO: Training CNN model...
2024-08-15 16:45:12,152 __main__ INFO: Epoch 1/10, Loss: 0.6931, Accuracy: 0.5000
2024-08-15 16:46:24,302 __main__ INFO: Epoch 2/10, Loss: 0.6931, Accuracy: 0.5000
2024-08-15 16:47:36,453 __main__ INFO: Epoch 3/10, Loss: 0.6931, Accuracy: 0.5000
2024-08-15 16:48:48,604 __main__ INFO: Epoch 4/10, Loss: 0.6931, Accuracy: 0.5000
2024-08-15 16:50:00,755 __main__ INFO: Epoch 5/10, Loss: 0.6931, Accuracy: 0.5000
2024-08-15 16:51:12,906 __main__ INFO: Epoch 6/10, Loss: 0.6931, Accuracy: 0.5000
2024-08-15 16:52:25,057 __main__ INFO: Epoch 7/10, Loss: 0.6931, Accuracy: 0.5000
2024-08-15 16:53:37,208 __main__ INFO: Epoch 8/10, Loss: 0.6931, Accuracy: 0.5000
2024-08-15 16:54:49,359 __main__ INFO: Epoch 9/10, Loss: 0.6931, Accuracy: 0.5000
2024-08-15 16:56:01,510 __main__ INFO: Epoch 10/10, Loss: 0.6931, Accuracy: 0.5000
2024-08-15 16:56:01,610 __main__ INFO: CNN model saved at models/cnn_model.h5
2024-08-15 16:56:01,611 __main__ INFO: CNN model training complete.

2024-08-15 16:56:01,612 __main__ INFO: Training Transformer model...
2024-08-15 16:57:24,789 __main__ INFO: Epoch [1/10], Loss: 0.6931
2024-08-15 16:58:47,967 __main__ INFO: Epoch [2/10], Loss: 0.6931
2024-08-15 17:00:11,144 __main__ INFO: Epoch [3/10], Loss: 0.6931
2024-08-15 17:01:34,322 __main__ INFO: Epoch [4/10], Loss: 0.6931
2024-08-15 17:02:57,499 __main__ INFO: Epoch [5/10], Loss: 0.6931
2024-08-15 17:04:20,677 __main__ INFO: Epoch [6/10], Loss: 0.6931
2024-08-15 17:05:43,854 __main__ INFO: Epoch [7/10], Loss: 0.6931
2024-08-15 17:07:07,031 __main__ INFO: Epoch [8/10], Loss: 0.6931
2024-08-15 17:08:30,209 __main__ INFO: Epoch [9/10], Loss: 0.6931
2024-08-15 17:09:53,386 __main__ INFO: Epoch [10/10], Loss: 0.6931
2024-08-15 17:09:53,486 __main__ INFO: Transformer model saved at models/transformer_model.pth
2024-08-15 17:09:53,487 __main__ INFO: Transformer model training complete.

2024-08-15 17:09:53,488 __main__ INFO: Training SVM model...
2024-08-15 17:10:18,573 __main__ INFO: SVM model saved at models/svm_model.pkl
2024-08-15 17:10:18,574 __main__ INFO: SVM model training complete.

2024-08-15 17:10:18,575 __main__ INFO: Training Bayesian model...
2024-08-15 17:11:31,673 __main__ INFO: Bayesian model saved at models/bayesian_model.pkl
2024-08-15 17:11:31,674 __main__ INFO: Bayesian model training complete.

2024-08-15 17:11:31,675 __main__ INFO: Training Vision Transformer model...
2024-08-15 17:12:57,324 __main__ INFO: Epoch [1/10], Loss: 0.6931
2024-08-15 17:14:22,973 __main__ INFO: Epoch [2/10], Loss: 0.6931
2024-08-15 17:15:48,622 __main__ INFO: Epoch [3/10], Loss: 0.6931
2024-08-15 17:17:14,271 __main__ INFO: Epoch [4/10], Loss: 0.6931
2024-08-15 17:18:39,920 __main__ INFO: Epoch [5/10], Loss: 0.6931
2024-08-15 17:20:05,569 __main__ INFO: Epoch [6/10], Loss: 0.6931
2024-08-15 17:21:31,218 __main__ INFO: Epoch [7/10], Loss: 0.6931
2024-08-15 17:22:56,867 __main__ INFO: Epoch [8/10], Loss: 0.6931
2024-08-15 17:24:22,516 __main__ INFO: Epoch [9/10], Loss: 0.6931
2024-08-15 17:25:48,165 __main__ INFO: Epoch [10/10], Loss: 0.6931
2024-08-15 17:25:48,265 __main__ INFO: Vision Transformer model saved at models/vision_transformer_model.pth
2024-08-15 17:25:48,266 __main__ INFO: Vision Transformer model training complete.
2025-12-01 11:06:30,446 __main__ INFO: Training CNN model...
2025-12-01 11:06:30,449 __main__ ERROR: Error during CNN model training: type object 'Config' has no attribute 'PROCESSED_DATA_FILE'
Traceback (most recent call last):
  File "F:\AMG-Project\Multimodel\src\train.py", line 23, in train_cnn
    data = load_csv_data(Config.PROCESSED_DATA_FILE)
                         ^^^^^^^^^^^^^^^^^^^^^^^^^^
AttributeError: type object 'Config' has no attribute 'PROCESSED_DATA_FILE'
2025-12-01 11:06:58,003 __main__ INFO: Training CNN model...
2025-12-01 11:06:58,100 __main__ ERROR: Error during CNN model training: [Errno 2] No such file or directory: 'F:\\AMG-Project\\Multimodel\\src\\..\\data\\processed\\processed_data.csv'
Traceback (most recent call last):
  File "F:\AMG-Project\Multimodel\src\train.py", line 23, in train_cnn
    data = load_csv_data(Config.PROCESSED_DATA_FILE)
           ^^^^^^^^^^^^^^^^^^^^^^^^^^^^^^^^^^^^^^^^^
  File "F:\AMG-Project\Multimodel\src\dataset\data_loader.py", line 19, in load_csv_data
    data = pd.read_csv(csv_path)
           ^^^^^^^^^^^^^^^^^^^^^
  File "F:\AMG-Project\Multimodel\.venv311\Lib\site-packages\pandas\io\parsers\readers.py", line 1026, in read_csv
    return _read(filepath_or_buffer, kwds)
           ^^^^^^^^^^^^^^^^^^^^^^^^^^^^^^^
  File "F:\AMG-Project\Multimodel\.venv311\Lib\site-packages\pandas\io\parsers\readers.py", line 620, in _read
    parser = TextFileReader(filepath_or_buffer, **kwds)
             ^^^^^^^^^^^^^^^^^^^^^^^^^^^^^^^^^^^^^^^^^^
  File "F:\AMG-Project\Multimodel\.venv311\Lib\site-packages\pandas\io\parsers\readers.py", line 1620, in __init__
    self._engine = self._make_engine(f, self.engine)
                   ^^^^^^^^^^^^^^^^^^^^^^^^^^^^^^^^^
  File "F:\AMG-Project\Multimodel\.venv311\Lib\site-packages\pandas\io\parsers\readers.py", line 1880, in _make_engine
    self.handles = get_handle(
                   ^^^^^^^^^^^
  File "F:\AMG-Project\Multimodel\.venv311\Lib\site-packages\pandas\io\common.py", line 873, in get_handle
    handle = open(
             ^^^^^
FileNotFoundError: [Errno 2] No such file or directory: 'F:\\AMG-Project\\Multimodel\\src\\..\\data\\processed\\processed_data.csv'
2025-12-01 11:07:22,542 __main__ INFO: Training CNN model...
2025-12-01 11:07:25,491 __main__ ERROR: Error during CNN model training: Invalid dtype: object
Traceback (most recent call last):
  File "F:\AMG-Project\Multimodel\src\train.py", line 33, in train_cnn
    model.fit(X_train, y_train, epochs=Config.CNN_PARAMS['epochs'], batch_size=Config.CNN_PARAMS['batch_size'], validation_data=(X_val, y_val))
  File "F:\AMG-Project\Multimodel\.venv311\Lib\site-packages\keras\src\utils\traceback_utils.py", line 122, in error_handler
    raise e.with_traceback(filtered_tb) from None
  File "F:\AMG-Project\Multimodel\.venv311\Lib\site-packages\optree\ops.py", line 766, in tree_map
    return treespec.unflatten(map(func, *flat_args))
           ^^^^^^^^^^^^^^^^^^^^^^^^^^^^^^^^^^^^^^^^^
ValueError: Invalid dtype: object
2025-12-02 18:20:06,155 __main__ INFO: Training CNN model...
2025-12-02 18:20:06,255 __main__ ERROR: Error during CNN model training: type object 'CNNModel' has no attribute 'build'
Traceback (most recent call last):
  File "F:\AMG-Project\Multimodel\src\train.py", line 29, in train_cnn
    model = CNNModel.build(input_shape=(64, 64, 3), num_classes=len(y.unique()))
            ^^^^^^^^^^^^^^
AttributeError: type object 'CNNModel' has no attribute 'build'
2025-12-02 18:21:15,585 __main__ INFO: Training CNN model...
2025-12-02 18:21:15,608 __main__ WARNING: Could not reshape data; using dummy tensors for model smoke test
2025-12-02 18:21:15,965 __main__ ERROR: Error during CNN model training: module 'numpy' has no attribute 'long'
Traceback (most recent call last):
  File "F:\AMG-Project\Multimodel\src\train.py", line 42, in train_cnn
    y_train_t = torch.tensor(np.asarray(y_train).astype(np.long), dtype=torch.long)
                                                        ^^^^^^^
  File "F:\AMG-Project\Multimodel\.venv311\Lib\site-packages\numpy\__init__.py", line 347, in __getattr__
    raise AttributeError("module {!r} has no attribute "
AttributeError: module 'numpy' has no attribute 'long'
2025-12-02 18:21:52,856 __main__ INFO: Training CNN model...
2025-12-02 18:21:52,863 __main__ WARNING: Could not reshape data; using dummy tensors for model smoke test
2025-12-02 18:21:55,779 __main__ INFO: CNN Epoch [1/50], Loss: 0.7335
2025-12-02 18:21:56,114 __main__ INFO: CNN Epoch [2/50], Loss: 18.8712
2025-12-02 18:21:56,432 __main__ INFO: CNN Epoch [3/50], Loss: 34.3635
2025-12-02 18:21:56,699 __main__ INFO: CNN Epoch [4/50], Loss: 25.9148
2025-12-02 18:21:56,970 __main__ INFO: CNN Epoch [5/50], Loss: 9.2913
2025-12-02 18:21:57,279 __main__ INFO: CNN Epoch [6/50], Loss: 8.5131
2025-12-02 18:21:57,555 __main__ INFO: CNN Epoch [7/50], Loss: 21.2112
2025-12-02 18:21:57,791 __main__ INFO: CNN Epoch [8/50], Loss: 13.1255
2025-12-02 18:21:58,035 __main__ INFO: CNN Epoch [9/50], Loss: 19.6981
2025-12-02 18:21:58,262 __main__ INFO: CNN Epoch [10/50], Loss: 7.9540
2025-12-02 18:21:58,469 __main__ INFO: CNN Epoch [11/50], Loss: 8.8446
2025-12-02 18:21:58,690 __main__ INFO: CNN Epoch [12/50], Loss: 2.4814
2025-12-02 18:21:58,919 __main__ INFO: CNN Epoch [13/50], Loss: 10.0097
2025-12-02 18:21:59,172 __main__ INFO: CNN Epoch [14/50], Loss: 2.7790
2025-12-02 18:21:59,413 __main__ INFO: CNN Epoch [15/50], Loss: 0.2414
2025-12-02 18:21:59,684 __main__ INFO: CNN Epoch [16/50], Loss: 3.3763
2025-12-02 18:21:59,928 __main__ INFO: CNN Epoch [17/50], Loss: 0.8370
2025-12-02 18:22:00,149 __main__ INFO: CNN Epoch [18/50], Loss: 3.4586
2025-12-02 18:22:00,375 __main__ INFO: CNN Epoch [19/50], Loss: 5.2403
2025-12-02 18:22:00,591 __main__ INFO: CNN Epoch [20/50], Loss: 0.0000
2025-12-02 18:22:00,836 __main__ INFO: CNN Epoch [21/50], Loss: 1.5103
2025-12-02 18:22:01,051 __main__ INFO: CNN Epoch [22/50], Loss: 1.2856
2025-12-02 18:22:01,284 __main__ INFO: CNN Epoch [23/50], Loss: 0.0000
2025-12-02 18:22:01,516 __main__ INFO: CNN Epoch [24/50], Loss: 4.6167
2025-12-02 18:22:01,723 __main__ INFO: CNN Epoch [25/50], Loss: 0.0000
2025-12-02 18:22:01,966 __main__ INFO: CNN Epoch [26/50], Loss: 4.3121
2025-12-02 18:22:02,193 __main__ INFO: CNN Epoch [27/50], Loss: 2.3321
2025-12-02 18:22:02,432 __main__ INFO: CNN Epoch [28/50], Loss: 0.0000
2025-12-02 18:22:02,743 __main__ INFO: CNN Epoch [29/50], Loss: 0.0000
2025-12-02 18:22:03,051 __main__ INFO: CNN Epoch [30/50], Loss: 0.0007
2025-12-02 18:22:03,306 __main__ INFO: CNN Epoch [31/50], Loss: 0.0000
2025-12-02 18:22:03,554 __main__ INFO: CNN Epoch [32/50], Loss: 0.0000
2025-12-02 18:22:03,793 __main__ INFO: CNN Epoch [33/50], Loss: 0.0000
2025-12-02 18:22:04,012 __main__ INFO: CNN Epoch [34/50], Loss: 0.0000
2025-12-02 18:22:04,225 __main__ INFO: CNN Epoch [35/50], Loss: 0.0000
2025-12-02 18:22:04,439 __main__ INFO: CNN Epoch [36/50], Loss: 0.0000
2025-12-02 18:22:04,662 __main__ INFO: CNN Epoch [37/50], Loss: 0.0000
2025-12-02 18:22:04,891 __main__ INFO: CNN Epoch [38/50], Loss: 0.0000
2025-12-02 18:22:05,157 __main__ INFO: CNN Epoch [39/50], Loss: 0.0000
2025-12-02 18:22:05,417 __main__ INFO: CNN Epoch [40/50], Loss: 0.0000
2025-12-02 18:22:05,856 __main__ INFO: CNN Epoch [41/50], Loss: 1.5970
2025-12-02 18:22:06,105 __main__ INFO: CNN Epoch [42/50], Loss: 0.0000
2025-12-02 18:22:06,357 __main__ INFO: CNN Epoch [43/50], Loss: 0.0000
2025-12-02 18:22:06,616 __main__ INFO: CNN Epoch [44/50], Loss: 0.0000
2025-12-02 18:22:06,864 __main__ INFO: CNN Epoch [45/50], Loss: 0.2946
2025-12-02 18:22:07,092 __main__ INFO: CNN Epoch [46/50], Loss: 1.7611
2025-12-02 18:22:07,336 __main__ INFO: CNN Epoch [47/50], Loss: 0.0000
2025-12-02 18:22:07,558 __main__ INFO: CNN Epoch [48/50], Loss: 0.0000
2025-12-02 18:22:07,809 __main__ INFO: CNN Epoch [49/50], Loss: 0.0000
2025-12-02 18:22:08,043 __main__ INFO: CNN Epoch [50/50], Loss: 0.0000
2025-12-02 18:22:08,859 __main__ INFO: CNN model saved at F:\AMG-Project\Multimodel\src\..\models\saved_models\cnn_model.pth
2025-12-02 18:22:08,928 __main__ INFO: Training Transformer model...
2025-12-02 18:22:08,944 __main__ ERROR: Error during Transformer model training: could not convert string to float: 'real_image10.jpg'
Traceback (most recent call last):
  File "F:\AMG-Project\Multimodel\src\train.py", line 74, in train_transformer
    X_np = np.asarray(X).astype(np.float32)
           ^^^^^^^^^^^^^^^^^^^^^^^^^^^^^^^^
ValueError: could not convert string to float: 'real_image10.jpg'
2025-12-02 18:23:22,083 __main__ INFO: Training CNN model...
2025-12-02 18:23:22,174 __main__ WARNING: Could not reshape data; using dummy tensors for model smoke test
2025-12-02 18:23:23,864 __main__ INFO: CNN Epoch [1/50], Loss: 0.7276
2025-12-02 18:23:24,814 __main__ INFO: CNN Epoch [2/50], Loss: 10.3749
2025-12-02 18:23:25,093 __main__ INFO: CNN Epoch [3/50], Loss: 16.9664
2025-12-02 18:23:25,323 __main__ INFO: CNN Epoch [4/50], Loss: 6.6692
2025-12-02 18:23:25,554 __main__ INFO: CNN Epoch [5/50], Loss: 20.3437
2025-12-02 18:23:25,831 __main__ INFO: CNN Epoch [6/50], Loss: 9.1585
2025-12-02 18:23:26,085 __main__ INFO: CNN Epoch [7/50], Loss: 18.8248
2025-12-02 18:23:26,313 __main__ INFO: CNN Epoch [8/50], Loss: 23.0623
2025-12-02 18:23:26,557 __main__ INFO: CNN Epoch [9/50], Loss: 6.5625
2025-12-02 18:23:26,847 __main__ INFO: CNN Epoch [10/50], Loss: 6.8369
2025-12-02 18:23:27,105 __main__ INFO: CNN Epoch [11/50], Loss: 11.7008
2025-12-02 18:23:27,431 __main__ INFO: CNN Epoch [12/50], Loss: 1.7827
2025-12-02 18:23:27,802 __main__ INFO: CNN Epoch [13/50], Loss: 1.6780
2025-12-02 18:23:28,204 __main__ INFO: CNN Epoch [14/50], Loss: 0.3661
2025-12-02 18:23:28,564 __main__ INFO: CNN Epoch [15/50], Loss: 0.0000
2025-12-02 18:23:28,879 __main__ INFO: CNN Epoch [16/50], Loss: 0.3400
2025-12-02 18:23:29,136 __main__ INFO: CNN Epoch [17/50], Loss: 0.0004
2025-12-02 18:23:29,405 __main__ INFO: CNN Epoch [18/50], Loss: 0.0000
2025-12-02 18:23:29,700 __main__ INFO: CNN Epoch [19/50], Loss: 0.9779
2025-12-02 18:23:29,968 __main__ INFO: CNN Epoch [20/50], Loss: 0.0000
2025-12-02 18:23:30,221 __main__ INFO: CNN Epoch [21/50], Loss: 0.0109
2025-12-02 18:23:30,439 __main__ INFO: CNN Epoch [22/50], Loss: 3.2654
2025-12-02 18:23:30,721 __main__ INFO: CNN Epoch [23/50], Loss: 0.4397
2025-12-02 18:23:30,941 __main__ INFO: CNN Epoch [24/50], Loss: 0.0000
2025-12-02 18:23:31,200 __main__ INFO: CNN Epoch [25/50], Loss: 0.0000
2025-12-02 18:23:31,423 __main__ INFO: CNN Epoch [26/50], Loss: 0.0000
2025-12-02 18:23:31,658 __main__ INFO: CNN Epoch [27/50], Loss: 0.0000
2025-12-02 18:23:31,884 __main__ INFO: CNN Epoch [28/50], Loss: 0.2032
2025-12-02 18:23:32,105 __main__ INFO: CNN Epoch [29/50], Loss: 0.0000
2025-12-02 18:23:32,321 __main__ INFO: CNN Epoch [30/50], Loss: 0.0000
2025-12-02 18:23:32,557 __main__ INFO: CNN Epoch [31/50], Loss: 0.6667
2025-12-02 18:23:32,789 __main__ INFO: CNN Epoch [32/50], Loss: 0.0000
2025-12-02 18:23:33,002 __main__ INFO: CNN Epoch [33/50], Loss: 0.0000
2025-12-02 18:23:33,240 __main__ INFO: CNN Epoch [34/50], Loss: 0.0000
2025-12-02 18:23:33,469 __main__ INFO: CNN Epoch [35/50], Loss: 0.0000
2025-12-02 18:23:33,738 __main__ INFO: CNN Epoch [36/50], Loss: 0.0000
2025-12-02 18:23:34,030 __main__ INFO: CNN Epoch [37/50], Loss: 0.0000
2025-12-02 18:23:34,320 __main__ INFO: CNN Epoch [38/50], Loss: 0.0000
2025-12-02 18:23:34,637 __main__ INFO: CNN Epoch [39/50], Loss: 0.0000
2025-12-02 18:23:34,912 __main__ INFO: CNN Epoch [40/50], Loss: 0.0000
2025-12-02 18:23:35,199 __main__ INFO: CNN Epoch [41/50], Loss: 0.0000
2025-12-02 18:23:35,436 __main__ INFO: CNN Epoch [42/50], Loss: 5.0355
2025-12-02 18:23:35,690 __main__ INFO: CNN Epoch [43/50], Loss: 0.0000
2025-12-02 18:23:35,949 __main__ INFO: CNN Epoch [44/50], Loss: 0.0000
2025-12-02 18:23:36,219 __main__ INFO: CNN Epoch [45/50], Loss: 0.0000
2025-12-02 18:23:36,460 __main__ INFO: CNN Epoch [46/50], Loss: 0.0000
2025-12-02 18:23:36,683 __main__ INFO: CNN Epoch [47/50], Loss: 0.0000
2025-12-02 18:23:36,938 __main__ INFO: CNN Epoch [48/50], Loss: 0.0000
2025-12-02 18:23:37,160 __main__ INFO: CNN Epoch [49/50], Loss: 0.0000
2025-12-02 18:23:37,400 __main__ INFO: CNN Epoch [50/50], Loss: 0.0209
2025-12-02 18:23:38,217 __main__ INFO: CNN model saved at F:\AMG-Project\Multimodel\src\..\models\saved_models\cnn_model.pth
2025-12-02 18:23:38,311 __main__ INFO: Training Transformer model...
2025-12-02 18:23:38,499 __main__ WARNING: Data contains non-numeric values; using dummy data for smoke test
2025-12-02 18:23:40,724 __main__ INFO: Transformer Epoch [1/50], Loss: 0.6868
2025-12-02 18:23:41,595 __main__ INFO: Transformer Epoch [2/50], Loss: 0.6848
2025-12-02 18:23:42,372 __main__ INFO: Transformer Epoch [3/50], Loss: 7.2827
2025-12-02 18:23:43,471 __main__ INFO: Transformer Epoch [4/50], Loss: 2.1320
2025-12-02 18:23:44,593 __main__ INFO: Transformer Epoch [5/50], Loss: 4.5011
2025-12-02 18:23:46,538 __main__ INFO: Transformer Epoch [6/50], Loss: 0.6984
2025-12-02 18:23:47,812 __main__ INFO: Transformer Epoch [7/50], Loss: 2.2720
2025-12-02 18:23:48,832 __main__ INFO: Transformer Epoch [8/50], Loss: 0.9337
2025-12-02 18:23:49,877 __main__ INFO: Transformer Epoch [9/50], Loss: 0.8130
2025-12-02 18:23:51,023 __main__ INFO: Transformer Epoch [10/50], Loss: 0.7429
2025-12-02 18:23:52,076 __main__ INFO: Transformer Epoch [11/50], Loss: 0.8348
2025-12-02 18:23:53,372 __main__ INFO: Transformer Epoch [12/50], Loss: 0.7318
2025-12-02 18:23:54,222 __main__ INFO: Transformer Epoch [13/50], Loss: 0.7030
2025-12-02 18:23:55,059 __main__ INFO: Transformer Epoch [14/50], Loss: 0.7524
2025-12-02 18:23:55,999 __main__ INFO: Transformer Epoch [15/50], Loss: 0.7617
2025-12-02 18:23:57,250 __main__ INFO: Transformer Epoch [16/50], Loss: 0.7218
2025-12-02 18:23:58,911 __main__ INFO: Transformer Epoch [17/50], Loss: 0.6939
2025-12-02 18:24:00,402 __main__ INFO: Transformer Epoch [18/50], Loss: 0.7060
2025-12-02 18:24:01,798 __main__ INFO: Transformer Epoch [19/50], Loss: 0.7257
2025-12-02 18:24:03,411 __main__ INFO: Transformer Epoch [20/50], Loss: 0.7238
2025-12-02 18:24:05,271 __main__ INFO: Transformer Epoch [21/50], Loss: 0.7061
2025-12-02 18:24:07,069 __main__ INFO: Transformer Epoch [22/50], Loss: 0.6971
2025-12-02 18:24:08,641 __main__ INFO: Transformer Epoch [23/50], Loss: 0.6996
2025-12-02 18:24:10,298 __main__ INFO: Transformer Epoch [24/50], Loss: 0.7079
2025-12-02 18:24:11,941 __main__ INFO: Transformer Epoch [25/50], Loss: 0.7072
2025-12-02 18:24:13,451 __main__ INFO: Transformer Epoch [26/50], Loss: 0.7056
2025-12-02 18:24:15,086 __main__ INFO: Transformer Epoch [27/50], Loss: 0.6964
2025-12-02 18:24:17,201 __main__ INFO: Transformer Epoch [28/50], Loss: 0.6946
2025-12-02 18:24:18,650 __main__ INFO: Transformer Epoch [29/50], Loss: 0.6972
2025-12-02 18:24:20,153 __main__ INFO: Transformer Epoch [30/50], Loss: 0.7036
2025-12-02 18:24:21,771 __main__ INFO: Transformer Epoch [31/50], Loss: 0.7018
2025-12-02 18:24:23,546 __main__ INFO: Transformer Epoch [32/50], Loss: 0.6997
2025-12-02 18:24:25,125 __main__ INFO: Transformer Epoch [33/50], Loss: 0.6936
2025-12-02 18:24:26,439 __main__ INFO: Transformer Epoch [34/50], Loss: 0.6977
2025-12-02 18:24:27,894 __main__ INFO: Transformer Epoch [35/50], Loss: 0.7012
2025-12-02 18:24:30,088 __main__ INFO: Transformer Epoch [36/50], Loss: 0.7006
2025-12-02 18:24:32,063 __main__ INFO: Transformer Epoch [37/50], Loss: 0.6966
2025-12-02 18:24:34,199 __main__ INFO: Transformer Epoch [38/50], Loss: 0.6916
2025-12-02 18:24:36,765 __main__ INFO: Transformer Epoch [39/50], Loss: 0.6931
2025-12-02 18:24:39,076 __main__ INFO: Transformer Epoch [40/50], Loss: 0.6939
2025-12-02 18:24:41,102 __main__ INFO: Transformer Epoch [41/50], Loss: 0.6942
2025-12-02 18:24:42,430 __main__ INFO: Transformer Epoch [42/50], Loss: 0.6976
2025-12-02 18:24:44,095 __main__ INFO: Transformer Epoch [43/50], Loss: 0.6979
2025-12-02 18:24:45,664 __main__ INFO: Transformer Epoch [44/50], Loss: 0.6916
2025-12-02 18:24:47,319 __main__ INFO: Transformer Epoch [45/50], Loss: 0.6958
2025-12-02 18:24:48,576 __main__ INFO: Transformer Epoch [46/50], Loss: 0.6955
2025-12-02 18:24:50,081 __main__ INFO: Transformer Epoch [47/50], Loss: 0.6946
2025-12-02 18:24:51,680 __main__ INFO: Transformer Epoch [48/50], Loss: 0.6982
2025-12-02 18:24:52,943 __main__ INFO: Transformer Epoch [49/50], Loss: 0.6910
2025-12-02 18:24:54,494 __main__ INFO: Transformer Epoch [50/50], Loss: 0.6907
2025-12-02 18:24:54,904 __main__ INFO: Transformer model saved at F:\AMG-Project\Multimodel\src\..\models\saved_models\transformer_model.pth
2025-12-02 18:24:54,914 __main__ INFO: Training SVM model...
2025-12-02 18:24:55,266 __main__ ERROR: Error during SVM model training: could not convert string to float: 'real_image10.jpg'
Traceback (most recent call last):
  File "F:\AMG-Project\Multimodel\src\train.py", line 121, in train_svm_model
    model_pipeline.fit(X, y)
  File "F:\AMG-Project\Multimodel\.venv311\Lib\site-packages\sklearn\pipeline.py", line 401, in fit
    Xt = self._fit(X, y, **fit_params_steps)
         ^^^^^^^^^^^^^^^^^^^^^^^^^^^^^^^^^^^
  File "F:\AMG-Project\Multimodel\.venv311\Lib\site-packages\sklearn\pipeline.py", line 359, in _fit
    X, fitted_transformer = fit_transform_one_cached(
                            ^^^^^^^^^^^^^^^^^^^^^^^^^
  File "F:\AMG-Project\Multimodel\.venv311\Lib\site-packages\joblib\memory.py", line 326, in __call__
    return self.func(*args, **kwargs)
           ^^^^^^^^^^^^^^^^^^^^^^^^^^
  File "F:\AMG-Project\Multimodel\.venv311\Lib\site-packages\sklearn\pipeline.py", line 893, in _fit_transform_one
    res = transformer.fit_transform(X, y, **fit_params)
          ^^^^^^^^^^^^^^^^^^^^^^^^^^^^^^^^^^^^^^^^^^^^^
  File "F:\AMG-Project\Multimodel\.venv311\Lib\site-packages\sklearn\utils\_set_output.py", line 140, in wrapped
    data_to_wrap = f(self, X, *args, **kwargs)
                   ^^^^^^^^^^^^^^^^^^^^^^^^^^^
  File "F:\AMG-Project\Multimodel\.venv311\Lib\site-packages\sklearn\base.py", line 881, in fit_transform
    return self.fit(X, y, **fit_params).transform(X)
           ^^^^^^^^^^^^^^^^^^^^^^^^^^^^
  File "F:\AMG-Project\Multimodel\.venv311\Lib\site-packages\sklearn\preprocessing\_data.py", line 824, in fit
    return self.partial_fit(X, y, sample_weight)
           ^^^^^^^^^^^^^^^^^^^^^^^^^^^^^^^^^^^^^
  File "F:\AMG-Project\Multimodel\.venv311\Lib\site-packages\sklearn\preprocessing\_data.py", line 861, in partial_fit
    X = self._validate_data(
        ^^^^^^^^^^^^^^^^^^^^
  File "F:\AMG-Project\Multimodel\.venv311\Lib\site-packages\sklearn\base.py", line 565, in _validate_data
    X = check_array(X, input_name="X", **check_params)
        ^^^^^^^^^^^^^^^^^^^^^^^^^^^^^^^^^^^^^^^^^^^^^^
  File "F:\AMG-Project\Multimodel\.venv311\Lib\site-packages\sklearn\utils\validation.py", line 879, in check_array
    array = _asarray_with_order(array, order=order, dtype=dtype, xp=xp)
            ^^^^^^^^^^^^^^^^^^^^^^^^^^^^^^^^^^^^^^^^^^^^^^^^^^^^^^^^^^^
  File "F:\AMG-Project\Multimodel\.venv311\Lib\site-packages\sklearn\utils\_array_api.py", line 185, in _asarray_with_order
    array = numpy.asarray(array, order=order, dtype=dtype)
            ^^^^^^^^^^^^^^^^^^^^^^^^^^^^^^^^^^^^^^^^^^^^^^
  File "F:\AMG-Project\Multimodel\.venv311\Lib\site-packages\pandas\core\generic.py", line 2171, in __array__
    arr = np.asarray(values, dtype=dtype)
          ^^^^^^^^^^^^^^^^^^^^^^^^^^^^^^^
ValueError: could not convert string to float: 'real_image10.jpg'
2025-12-02 18:26:28,521 __main__ INFO: Training CNN model...
2025-12-02 18:26:28,868 __main__ WARNING: Could not reshape data; using dummy tensors for model smoke test
2025-12-02 18:26:33,319 __main__ INFO: CNN Epoch [1/50], Loss: 0.7269
2025-12-02 18:26:34,328 __main__ INFO: CNN Epoch [2/50], Loss: 12.2848
2025-12-02 18:26:34,629 __main__ INFO: CNN Epoch [3/50], Loss: 35.2427
2025-12-02 18:26:34,879 __main__ INFO: CNN Epoch [4/50], Loss: 28.8291
2025-12-02 18:26:35,102 __main__ INFO: CNN Epoch [5/50], Loss: 29.5419
2025-12-02 18:26:35,356 __main__ INFO: CNN Epoch [6/50], Loss: 13.9329
2025-12-02 18:26:35,589 __main__ INFO: CNN Epoch [7/50], Loss: 6.9399
2025-12-02 18:26:35,834 __main__ INFO: CNN Epoch [8/50], Loss: 16.4450
2025-12-02 18:26:36,076 __main__ INFO: CNN Epoch [9/50], Loss: 17.6221
2025-12-02 18:26:36,357 __main__ INFO: CNN Epoch [10/50], Loss: 20.6502
2025-12-02 18:26:36,649 __main__ INFO: CNN Epoch [11/50], Loss: 11.0250
2025-12-02 18:26:36,921 __main__ INFO: CNN Epoch [12/50], Loss: 5.7269
2025-12-02 18:26:37,211 __main__ INFO: CNN Epoch [13/50], Loss: 5.7404
2025-12-02 18:26:37,476 __main__ INFO: CNN Epoch [14/50], Loss: 19.8578
2025-12-02 18:26:37,802 __main__ INFO: CNN Epoch [15/50], Loss: 9.0435
2025-12-02 18:26:38,140 __main__ INFO: CNN Epoch [16/50], Loss: 10.0649
2025-12-02 18:26:38,477 __main__ INFO: CNN Epoch [17/50], Loss: 9.0709
2025-12-02 18:26:38,783 __main__ INFO: CNN Epoch [18/50], Loss: 13.0658
2025-12-02 18:26:39,121 __main__ INFO: CNN Epoch [19/50], Loss: 2.0578
2025-12-02 18:26:39,681 __main__ INFO: CNN Epoch [20/50], Loss: 3.7998
2025-12-02 18:26:40,010 __main__ INFO: CNN Epoch [21/50], Loss: 4.8045
2025-12-02 18:26:40,356 __main__ INFO: CNN Epoch [22/50], Loss: 3.5672
2025-12-02 18:26:40,725 __main__ INFO: CNN Epoch [23/50], Loss: 1.8585
2025-12-02 18:26:41,019 __main__ INFO: CNN Epoch [24/50], Loss: 2.0371
2025-12-02 18:26:41,291 __main__ INFO: CNN Epoch [25/50], Loss: 3.2042
2025-12-02 18:26:41,619 __main__ INFO: CNN Epoch [26/50], Loss: 1.1867
2025-12-02 18:26:42,580 __main__ INFO: CNN Epoch [27/50], Loss: 2.6189
2025-12-02 18:26:43,022 __main__ INFO: CNN Epoch [28/50], Loss: 0.0133
2025-12-02 18:26:43,306 __main__ INFO: CNN Epoch [29/50], Loss: 0.0862
2025-12-02 18:26:43,608 __main__ INFO: CNN Epoch [30/50], Loss: 1.0427
2025-12-02 18:26:43,969 __main__ INFO: CNN Epoch [31/50], Loss: 1.0757
2025-12-02 18:26:44,363 __main__ INFO: CNN Epoch [32/50], Loss: 0.0666
2025-12-02 18:26:44,766 __main__ INFO: CNN Epoch [33/50], Loss: 1.1319
2025-12-02 18:26:45,298 __main__ INFO: CNN Epoch [34/50], Loss: 0.0017
2025-12-02 18:26:45,671 __main__ INFO: CNN Epoch [35/50], Loss: 0.0000
2025-12-02 18:26:46,101 __main__ INFO: CNN Epoch [36/50], Loss: 0.0032
2025-12-02 18:26:46,609 __main__ INFO: CNN Epoch [37/50], Loss: 0.0000
2025-12-02 18:26:47,028 __main__ INFO: CNN Epoch [38/50], Loss: 0.4629
2025-12-02 18:26:47,407 __main__ INFO: CNN Epoch [39/50], Loss: 0.0103
2025-12-02 18:26:47,845 __main__ INFO: CNN Epoch [40/50], Loss: 0.0000
2025-12-02 18:26:48,143 __main__ INFO: CNN Epoch [41/50], Loss: 0.0004
2025-12-02 18:26:48,542 __main__ INFO: CNN Epoch [42/50], Loss: 0.4048
2025-12-02 18:26:48,871 __main__ INFO: CNN Epoch [43/50], Loss: 0.0000
2025-12-02 18:26:49,393 __main__ INFO: CNN Epoch [44/50], Loss: 0.0056
2025-12-02 18:26:49,816 __main__ INFO: CNN Epoch [45/50], Loss: 0.0000
2025-12-02 18:26:50,317 __main__ INFO: CNN Epoch [46/50], Loss: 0.0000
2025-12-02 18:26:50,726 __main__ INFO: CNN Epoch [47/50], Loss: 0.0000
2025-12-02 18:26:51,426 __main__ INFO: CNN Epoch [48/50], Loss: 0.4994
2025-12-02 18:26:51,807 __main__ INFO: CNN Epoch [49/50], Loss: 0.2388
2025-12-02 18:26:52,122 __main__ INFO: CNN Epoch [50/50], Loss: 0.0000
2025-12-02 18:26:53,114 __main__ INFO: CNN model saved at F:\AMG-Project\Multimodel\src\..\models\saved_models\cnn_model.pth
2025-12-02 18:26:53,225 __main__ INFO: Training Transformer model...
2025-12-02 18:26:53,579 __main__ WARNING: Data contains non-numeric values; using dummy data for smoke test
2025-12-02 18:26:57,952 __main__ INFO: Transformer Epoch [1/50], Loss: 0.7040
2025-12-02 18:26:59,476 __main__ INFO: Transformer Epoch [2/50], Loss: 7.0460
2025-12-02 18:27:00,938 __main__ INFO: Transformer Epoch [3/50], Loss: 1.3909
2025-12-02 18:27:02,395 __main__ INFO: Transformer Epoch [4/50], Loss: 3.2445
2025-12-02 18:27:03,605 __main__ INFO: Transformer Epoch [5/50], Loss: 0.9724
2025-12-02 18:27:04,680 __main__ INFO: Transformer Epoch [6/50], Loss: 1.1689
2025-12-02 18:27:06,050 __main__ INFO: Transformer Epoch [7/50], Loss: 0.7788
2025-12-02 18:27:07,520 __main__ INFO: Transformer Epoch [8/50], Loss: 0.8415
2025-12-02 18:27:08,733 __main__ INFO: Transformer Epoch [9/50], Loss: 0.8958
2025-12-02 18:27:09,912 __main__ INFO: Transformer Epoch [10/50], Loss: 0.7326
2025-12-02 18:27:11,148 __main__ INFO: Transformer Epoch [11/50], Loss: 0.7092
2025-12-02 18:27:12,244 __main__ INFO: Transformer Epoch [12/50], Loss: 0.7818
2025-12-02 18:27:13,382 __main__ INFO: Transformer Epoch [13/50], Loss: 0.7890
2025-12-02 18:27:14,566 __main__ INFO: Transformer Epoch [14/50], Loss: 0.7390
2025-12-02 18:27:16,001 __main__ INFO: Transformer Epoch [15/50], Loss: 0.6978
2025-12-02 18:27:17,389 __main__ INFO: Transformer Epoch [16/50], Loss: 0.6989
2025-12-02 18:27:18,682 __main__ INFO: Transformer Epoch [17/50], Loss: 0.7263
2025-12-02 18:27:19,910 __main__ INFO: Transformer Epoch [18/50], Loss: 0.7374
2025-12-02 18:27:21,196 __main__ INFO: Transformer Epoch [19/50], Loss: 0.7221
2025-12-02 18:27:22,465 __main__ INFO: Transformer Epoch [20/50], Loss: 0.7036
2025-12-02 18:27:23,776 __main__ INFO: Transformer Epoch [21/50], Loss: 0.6928
2025-12-02 18:27:25,043 __main__ INFO: Transformer Epoch [22/50], Loss: 0.6977
2025-12-02 18:27:26,459 __main__ INFO: Transformer Epoch [23/50], Loss: 0.7082
2025-12-02 18:27:27,750 __main__ INFO: Transformer Epoch [24/50], Loss: 0.7117
2025-12-02 18:27:28,843 __main__ INFO: Transformer Epoch [25/50], Loss: 0.7070
2025-12-02 18:27:30,027 __main__ INFO: Transformer Epoch [26/50], Loss: 0.7011
2025-12-02 18:27:31,282 __main__ INFO: Transformer Epoch [27/50], Loss: 0.6934
2025-12-02 18:27:32,501 __main__ INFO: Transformer Epoch [28/50], Loss: 0.6947
2025-12-02 18:27:34,111 __main__ INFO: Transformer Epoch [29/50], Loss: 0.6953
2025-12-02 18:27:35,455 __main__ INFO: Transformer Epoch [30/50], Loss: 0.7057
2025-12-02 18:27:37,024 __main__ INFO: Transformer Epoch [31/50], Loss: 0.7024
2025-12-02 18:27:38,474 __main__ INFO: Transformer Epoch [32/50], Loss: 0.6973
2025-12-02 18:27:39,932 __main__ INFO: Transformer Epoch [33/50], Loss: 0.6962
2025-12-02 18:27:41,134 __main__ INFO: Transformer Epoch [34/50], Loss: 0.6927
2025-12-02 18:27:42,259 __main__ INFO: Transformer Epoch [35/50], Loss: 0.6956
2025-12-02 18:27:43,419 __main__ INFO: Transformer Epoch [36/50], Loss: 0.6969
2025-12-02 18:27:44,417 __main__ INFO: Transformer Epoch [37/50], Loss: 0.6997
2025-12-02 18:27:45,385 __main__ INFO: Transformer Epoch [38/50], Loss: 0.6959
2025-12-02 18:27:46,358 __main__ INFO: Transformer Epoch [39/50], Loss: 0.6959
2025-12-02 18:27:47,364 __main__ INFO: Transformer Epoch [40/50], Loss: 0.6898
2025-12-02 18:27:48,679 __main__ INFO: Transformer Epoch [41/50], Loss: 0.6904
2025-12-02 18:27:50,026 __main__ INFO: Transformer Epoch [42/50], Loss: 0.6928
2025-12-02 18:27:51,329 __main__ INFO: Transformer Epoch [43/50], Loss: 0.6946
2025-12-02 18:27:52,792 __main__ INFO: Transformer Epoch [44/50], Loss: 0.6983
2025-12-02 18:27:54,049 __main__ INFO: Transformer Epoch [45/50], Loss: 0.6943
2025-12-02 18:27:55,118 __main__ INFO: Transformer Epoch [46/50], Loss: 0.6944
2025-12-02 18:27:56,145 __main__ INFO: Transformer Epoch [47/50], Loss: 0.6942
2025-12-02 18:27:57,233 __main__ INFO: Transformer Epoch [48/50], Loss: 0.6928
2025-12-02 18:27:58,215 __main__ INFO: Transformer Epoch [49/50], Loss: 0.6950
2025-12-02 18:27:59,198 __main__ INFO: Transformer Epoch [50/50], Loss: 0.6972
2025-12-02 18:27:59,419 __main__ INFO: Transformer model saved at F:\AMG-Project\Multimodel\src\..\models\saved_models\transformer_model.pth
2025-12-02 18:27:59,425 __main__ INFO: Training SVM model...
2025-12-02 18:27:59,448 __main__ WARNING: Data contains non-numeric values; using dummy numeric data for SVM
2025-12-02 18:27:59,650 __main__ INFO: SVM model saved at F:\AMG-Project\Multimodel\src\..\models\saved_models\svm_model.pkl
2025-12-02 18:27:59,651 __main__ INFO: Training Bayesian model...
2025-12-02 18:27:59,683 __main__ WARNING: Data contains non-numeric values; using dummy numeric data for Bayesian
2025-12-02 18:27:59,719 __main__ INFO: Bayesian model saved at F:\AMG-Project\Multimodel\src\..\models\saved_models\bayesian_model.pkl
2025-12-02 18:27:59,720 __main__ INFO: Training Vision Transformer model...
2025-12-02 18:27:59,748 __main__ WARNING: Could not reshape data for ViT; using dummy tensors
2025-12-02 18:28:00,787 __main__ INFO: ViT Epoch [1/50], Loss: 0.7780
2025-12-02 18:28:00,844 __main__ INFO: ViT Epoch [2/50], Loss: 0.7491
2025-12-02 18:28:00,886 __main__ INFO: ViT Epoch [3/50], Loss: 0.7252
2025-12-02 18:28:00,919 __main__ INFO: ViT Epoch [4/50], Loss: 0.7391
2025-12-02 18:28:00,949 __main__ INFO: ViT Epoch [5/50], Loss: 0.6725
2025-12-02 18:28:00,972 __main__ INFO: ViT Epoch [6/50], Loss: 0.6952
2025-12-02 18:28:00,996 __main__ INFO: ViT Epoch [7/50], Loss: 0.7118
2025-12-02 18:28:01,014 __main__ INFO: ViT Epoch [8/50], Loss: 0.6690
2025-12-02 18:28:01,032 __main__ INFO: ViT Epoch [9/50], Loss: 0.6824
2025-12-02 18:28:01,056 __main__ INFO: ViT Epoch [10/50], Loss: 0.6561
2025-12-02 18:28:01,078 __main__ INFO: ViT Epoch [11/50], Loss: 0.6660
2025-12-02 18:28:01,097 __main__ INFO: ViT Epoch [12/50], Loss: 0.6565
2025-12-02 18:28:01,119 __main__ INFO: ViT Epoch [13/50], Loss: 0.6475
2025-12-02 18:28:01,142 __main__ INFO: ViT Epoch [14/50], Loss: 0.7059
2025-12-02 18:28:01,163 __main__ INFO: ViT Epoch [15/50], Loss: 0.7133
2025-12-02 18:28:01,187 __main__ INFO: ViT Epoch [16/50], Loss: 0.6694
2025-12-02 18:28:01,207 __main__ INFO: ViT Epoch [17/50], Loss: 0.6485
2025-12-02 18:28:01,231 __main__ INFO: ViT Epoch [18/50], Loss: 0.6386
2025-12-02 18:28:01,252 __main__ INFO: ViT Epoch [19/50], Loss: 0.6374
2025-12-02 18:28:01,274 __main__ INFO: ViT Epoch [20/50], Loss: 0.6301
2025-12-02 18:28:01,304 __main__ INFO: ViT Epoch [21/50], Loss: 0.6171
2025-12-02 18:28:01,331 __main__ INFO: ViT Epoch [22/50], Loss: 0.6090
2025-12-02 18:28:01,352 __main__ INFO: ViT Epoch [23/50], Loss: 0.5859
2025-12-02 18:28:01,374 __main__ INFO: ViT Epoch [24/50], Loss: 0.5369
2025-12-02 18:28:01,396 __main__ INFO: ViT Epoch [25/50], Loss: 0.5053
2025-12-02 18:28:01,417 __main__ INFO: ViT Epoch [26/50], Loss: 0.4920
2025-12-02 18:28:01,440 __main__ INFO: ViT Epoch [27/50], Loss: 0.4050
2025-12-02 18:28:01,461 __main__ INFO: ViT Epoch [28/50], Loss: 0.4109
2025-12-02 18:28:01,481 __main__ INFO: ViT Epoch [29/50], Loss: 0.3742
2025-12-02 18:28:01,503 __main__ INFO: ViT Epoch [30/50], Loss: 0.3460
2025-12-02 18:28:01,526 __main__ INFO: ViT Epoch [31/50], Loss: 0.2816
2025-12-02 18:28:01,546 __main__ INFO: ViT Epoch [32/50], Loss: 0.3424
2025-12-02 18:28:01,569 __main__ INFO: ViT Epoch [33/50], Loss: 0.2206
2025-12-02 18:28:01,591 __main__ INFO: ViT Epoch [34/50], Loss: 0.1900
2025-12-02 18:28:01,615 __main__ INFO: ViT Epoch [35/50], Loss: 0.1755
2025-12-02 18:28:01,639 __main__ INFO: ViT Epoch [36/50], Loss: 0.1078
2025-12-02 18:28:01,661 __main__ INFO: ViT Epoch [37/50], Loss: 0.0742
2025-12-02 18:28:01,684 __main__ INFO: ViT Epoch [38/50], Loss: 0.0389
2025-12-02 18:28:01,708 __main__ INFO: ViT Epoch [39/50], Loss: 0.0358
2025-12-02 18:28:01,749 __main__ INFO: ViT Epoch [40/50], Loss: 0.0166
2025-12-02 18:28:01,782 __main__ INFO: ViT Epoch [41/50], Loss: 0.0247
2025-12-02 18:28:01,812 __main__ INFO: ViT Epoch [42/50], Loss: 0.0111
2025-12-02 18:28:01,835 __main__ INFO: ViT Epoch [43/50], Loss: 0.0110
2025-12-02 18:28:01,853 __main__ INFO: ViT Epoch [44/50], Loss: 0.0070
2025-12-02 18:28:01,872 __main__ INFO: ViT Epoch [45/50], Loss: 0.0058
2025-12-02 18:28:01,895 __main__ INFO: ViT Epoch [46/50], Loss: 0.0063
2025-12-02 18:28:01,914 __main__ INFO: ViT Epoch [47/50], Loss: 0.0053
2025-12-02 18:28:01,935 __main__ INFO: ViT Epoch [48/50], Loss: 0.0057
2025-12-02 18:28:01,958 __main__ INFO: ViT Epoch [49/50], Loss: 0.0041
2025-12-02 18:28:01,979 __main__ INFO: ViT Epoch [50/50], Loss: 0.0116
2025-12-02 18:28:01,982 __main__ INFO: Vision Transformer model saved at F:\AMG-Project\Multimodel\src\..\models\saved_models\vision_transformer_model.pth
2025-12-03 12:16:27,052 __main__ INFO: Training CNN model...
2025-12-03 12:16:27,165 __main__ WARNING: Could not reshape data; using dummy tensors for model smoke test
2025-12-03 12:16:27,165 __main__ WARNING: Could not reshape data; using dummy tensors for model smoke test
2025-12-03 12:16:31,205 __main__ INFO: CNN Epoch [1/50], Loss: 0.6544
2025-12-03 12:16:31,205 __main__ INFO: CNN Epoch [1/50], Loss: 0.6583
2025-12-03 12:16:31,842 __main__ INFO: CNN Epoch [2/50], Loss: 12.8477
2025-12-03 12:16:31,858 __main__ INFO: CNN Epoch [2/50], Loss: 12.7608
2025-12-03 12:16:32,375 __main__ INFO: CNN Epoch [3/50], Loss: 26.9811
2025-12-03 12:16:32,953 __main__ INFO: CNN Epoch [3/50], Loss: 17.5313
2025-12-03 12:16:33,730 __main__ INFO: CNN Epoch [4/50], Loss: 35.8127
2025-12-03 12:16:33,909 __main__ INFO: CNN Epoch [4/50], Loss: 16.3809
2025-12-03 12:16:34,252 __main__ INFO: CNN Epoch [5/50], Loss: 10.8607
2025-12-03 12:16:34,425 __main__ INFO: CNN Epoch [5/50], Loss: 21.9026
2025-12-03 12:16:34,721 __main__ INFO: CNN Epoch [6/50], Loss: 2.9421
2025-12-03 12:16:34,942 __main__ INFO: CNN Epoch [6/50], Loss: 15.7587
2025-12-03 12:16:35,424 __main__ INFO: CNN Epoch [7/50], Loss: 8.8858
2025-12-03 12:16:35,548 __main__ INFO: CNN Epoch [7/50], Loss: 17.8589
2025-12-03 12:16:35,902 __main__ INFO: CNN Epoch [8/50], Loss: 13.7284
2025-12-03 12:16:35,990 __main__ INFO: CNN Epoch [8/50], Loss: 15.0124
2025-12-03 12:16:36,404 __main__ INFO: CNN Epoch [9/50], Loss: 11.3123
2025-12-03 12:16:36,437 __main__ INFO: CNN Epoch [9/50], Loss: 3.1608
2025-12-03 12:16:36,736 __main__ INFO: CNN Epoch [10/50], Loss: 34.1404
2025-12-03 12:16:36,943 __main__ INFO: CNN Epoch [10/50], Loss: 2.8004
2025-12-03 12:16:37,158 __main__ INFO: CNN Epoch [11/50], Loss: 1.3916
2025-12-03 12:16:37,372 __main__ INFO: CNN Epoch [11/50], Loss: 9.9030
2025-12-03 12:16:37,556 __main__ INFO: CNN Epoch [12/50], Loss: 10.5670
2025-12-03 12:16:37,760 __main__ INFO: CNN Epoch [12/50], Loss: 12.8074
2025-12-03 12:16:37,964 __main__ INFO: CNN Epoch [13/50], Loss: 2.4765
2025-12-03 12:16:38,165 __main__ INFO: CNN Epoch [13/50], Loss: 2.6655
2025-12-03 12:16:38,473 __main__ INFO: CNN Epoch [14/50], Loss: 7.4422
2025-12-03 12:16:38,561 __main__ INFO: CNN Epoch [14/50], Loss: 0.0000
2025-12-03 12:16:38,963 __main__ INFO: CNN Epoch [15/50], Loss: 1.0944
2025-12-03 12:16:38,990 __main__ INFO: CNN Epoch [15/50], Loss: 5.5270
2025-12-03 12:16:39,405 __main__ INFO: CNN Epoch [16/50], Loss: 0.0000
2025-12-03 12:16:39,435 __main__ INFO: CNN Epoch [16/50], Loss: 7.4674
2025-12-03 12:16:39,846 __main__ INFO: CNN Epoch [17/50], Loss: 3.7142
2025-12-03 12:16:39,909 __main__ INFO: CNN Epoch [17/50], Loss: 0.3878
2025-12-03 12:16:40,343 __main__ INFO: CNN Epoch [18/50], Loss: 2.8081
2025-12-03 12:16:40,359 __main__ INFO: CNN Epoch [18/50], Loss: 4.7877
2025-12-03 12:16:40,735 __main__ INFO: CNN Epoch [19/50], Loss: 3.3788
2025-12-03 12:16:40,778 __main__ INFO: CNN Epoch [19/50], Loss: 7.0218
2025-12-03 12:16:41,116 __main__ INFO: CNN Epoch [20/50], Loss: 1.0644
2025-12-03 12:16:41,242 __main__ INFO: CNN Epoch [20/50], Loss: 0.0630
2025-12-03 12:16:41,546 __main__ INFO: CNN Epoch [21/50], Loss: 2.2558
2025-12-03 12:16:41,637 __main__ INFO: CNN Epoch [21/50], Loss: 1.8411
2025-12-03 12:16:41,951 __main__ INFO: CNN Epoch [22/50], Loss: 3.1389
2025-12-03 12:16:42,045 __main__ INFO: CNN Epoch [22/50], Loss: 0.0000
2025-12-03 12:16:42,391 __main__ INFO: CNN Epoch [23/50], Loss: 1.4174
2025-12-03 12:16:42,609 __main__ INFO: CNN Epoch [23/50], Loss: 0.0000
2025-12-03 12:16:42,813 __main__ INFO: CNN Epoch [24/50], Loss: 0.5293
2025-12-03 12:16:43,004 __main__ INFO: CNN Epoch [24/50], Loss: 0.0000
2025-12-03 12:16:43,280 __main__ INFO: CNN Epoch [25/50], Loss: 0.5182
2025-12-03 12:16:43,502 __main__ INFO: CNN Epoch [25/50], Loss: 0.0000
2025-12-03 12:16:43,716 __main__ INFO: CNN Epoch [26/50], Loss: 0.2958
2025-12-03 12:16:43,942 __main__ INFO: CNN Epoch [26/50], Loss: 10.6951
2025-12-03 12:16:44,160 __main__ INFO: CNN Epoch [27/50], Loss: 0.0000
2025-12-03 12:16:44,364 __main__ INFO: CNN Epoch [27/50], Loss: 1.1823
2025-12-03 12:16:44,560 __main__ INFO: CNN Epoch [28/50], Loss: 5.4268
2025-12-03 12:16:44,756 __main__ INFO: CNN Epoch [28/50], Loss: 0.0000
2025-12-03 12:16:44,960 __main__ INFO: CNN Epoch [29/50], Loss: 1.2395
2025-12-03 12:16:45,180 __main__ INFO: CNN Epoch [29/50], Loss: 0.0000
2025-12-03 12:16:45,384 __main__ INFO: CNN Epoch [30/50], Loss: 0.1302
2025-12-03 12:16:45,597 __main__ INFO: CNN Epoch [30/50], Loss: 0.0000
2025-12-03 12:16:45,794 __main__ INFO: CNN Epoch [31/50], Loss: 0.0000
2025-12-03 12:16:45,983 __main__ INFO: CNN Epoch [31/50], Loss: 0.0000
2025-12-03 12:16:46,255 __main__ INFO: CNN Epoch [32/50], Loss: 0.0000
2025-12-03 12:16:46,349 __main__ INFO: CNN Epoch [32/50], Loss: 0.2780
2025-12-03 12:16:46,693 __main__ INFO: CNN Epoch [33/50], Loss: 0.0000
2025-12-03 12:16:46,740 __main__ INFO: CNN Epoch [33/50], Loss: 0.0000
2025-12-03 12:16:47,163 __main__ INFO: CNN Epoch [34/50], Loss: 1.3832
2025-12-03 12:16:47,165 __main__ INFO: CNN Epoch [34/50], Loss: 1.1858
2025-12-03 12:16:47,520 __main__ INFO: CNN Epoch [35/50], Loss: 0.1199
2025-12-03 12:16:47,707 __main__ INFO: CNN Epoch [35/50], Loss: 0.0000
2025-12-03 12:16:47,995 __main__ INFO: CNN Epoch [36/50], Loss: 0.0000
2025-12-03 12:16:48,122 __main__ INFO: CNN Epoch [36/50], Loss: 0.0000
2025-12-03 12:16:48,368 __main__ INFO: CNN Epoch [37/50], Loss: 0.0000
2025-12-03 12:16:48,569 __main__ INFO: CNN Epoch [37/50], Loss: 0.0000
2025-12-03 12:16:48,831 __main__ INFO: CNN Epoch [38/50], Loss: 0.0000
2025-12-03 12:16:49,052 __main__ INFO: CNN Epoch [38/50], Loss: 0.0000
2025-12-03 12:16:49,253 __main__ INFO: CNN Epoch [39/50], Loss: 0.8821
2025-12-03 12:16:49,477 __main__ INFO: CNN Epoch [39/50], Loss: 0.0000
2025-12-03 12:16:49,719 __main__ INFO: CNN Epoch [40/50], Loss: 0.0000
2025-12-03 12:16:49,936 __main__ INFO: CNN Epoch [40/50], Loss: 0.0000
2025-12-03 12:16:50,162 __main__ INFO: CNN Epoch [41/50], Loss: 0.0000
2025-12-03 12:16:50,362 __main__ INFO: CNN Epoch [41/50], Loss: 0.0000
2025-12-03 12:16:50,600 __main__ INFO: CNN Epoch [42/50], Loss: 0.0000
2025-12-03 12:16:50,749 __main__ INFO: CNN Epoch [42/50], Loss: 0.0000
2025-12-03 12:16:51,070 __main__ INFO: CNN Epoch [43/50], Loss: 0.0000
2025-12-03 12:16:51,155 __main__ INFO: CNN Epoch [43/50], Loss: 0.0000
2025-12-03 12:16:51,503 __main__ INFO: CNN Epoch [44/50], Loss: 0.0000
2025-12-03 12:16:51,623 __main__ INFO: CNN Epoch [44/50], Loss: 0.0000
2025-12-03 12:16:51,874 __main__ INFO: CNN Epoch [45/50], Loss: 0.0000
2025-12-03 12:16:52,081 __main__ INFO: CNN Epoch [45/50], Loss: 0.0000
2025-12-03 12:16:52,319 __main__ INFO: CNN Epoch [46/50], Loss: 0.0000
2025-12-03 12:16:52,626 __main__ INFO: CNN Epoch [46/50], Loss: 0.0000
2025-12-03 12:16:52,750 __main__ INFO: CNN Epoch [47/50], Loss: 0.0000
2025-12-03 12:16:53,127 __main__ INFO: CNN Epoch [48/50], Loss: 0.0000
2025-12-03 12:16:53,127 __main__ INFO: CNN Epoch [47/50], Loss: 0.0000
2025-12-03 12:16:53,487 __main__ INFO: CNN Epoch [49/50], Loss: 0.0000
2025-12-03 12:16:53,634 __main__ INFO: CNN Epoch [48/50], Loss: 0.0000
2025-12-03 12:16:53,877 __main__ INFO: CNN Epoch [50/50], Loss: 0.0115
2025-12-03 12:16:54,059 __main__ INFO: CNN Epoch [49/50], Loss: 0.0000
2025-12-03 12:16:54,319 __main__ INFO: CNN Epoch [50/50], Loss: 0.0000
2025-12-03 12:16:55,737 __main__ INFO: CNN model saved at F:\AMG-Project\Multimodel\src\..\models\saved_models\cnn_model.pth
2025-12-03 12:16:55,737 __main__ INFO: CNN model saved at F:\AMG-Project\Multimodel\src\..\models\saved_models\cnn_model.pth
2025-12-03 12:16:55,816 __main__ INFO: Training Transformer model...
2025-12-03 12:16:55,816 __main__ INFO: Training Transformer model...
2025-12-03 12:16:55,906 __main__ WARNING: Data contains non-numeric values; using dummy data for smoke test
2025-12-03 12:16:55,921 __main__ WARNING: Data contains non-numeric values; using dummy data for smoke test
2025-12-03 12:16:58,771 __main__ INFO: Transformer Epoch [1/50], Loss: 0.7037
2025-12-03 12:16:58,771 __main__ INFO: Transformer Epoch [1/50], Loss: 0.6947
2025-12-03 12:16:59,961 __main__ INFO: Transformer Epoch [2/50], Loss: 7.0309
2025-12-03 12:17:00,007 __main__ INFO: Transformer Epoch [2/50], Loss: 6.5648
2025-12-03 12:17:01,273 __main__ INFO: Transformer Epoch [3/50], Loss: 1.3498
2025-12-03 12:17:01,320 __main__ INFO: Transformer Epoch [3/50], Loss: 0.6917
2025-12-03 12:17:02,629 __main__ INFO: Transformer Epoch [4/50], Loss: 3.3435
2025-12-03 12:17:02,688 __main__ INFO: Transformer Epoch [4/50], Loss: 3.8251
2025-12-03 12:17:04,182 __main__ INFO: Transformer Epoch [5/50], Loss: 2.1177
2025-12-03 12:17:04,189 __main__ INFO: Transformer Epoch [5/50], Loss: 0.8193
2025-12-03 12:17:05,506 __main__ INFO: Transformer Epoch [6/50], Loss: 2.3547
2025-12-03 12:17:05,510 __main__ INFO: Transformer Epoch [6/50], Loss: 0.9251
2025-12-03 12:17:06,695 __main__ INFO: Transformer Epoch [7/50], Loss: 1.3435
2025-12-03 12:17:06,726 __main__ INFO: Transformer Epoch [7/50], Loss: 0.8003
2025-12-03 12:17:08,068 __main__ INFO: Transformer Epoch [8/50], Loss: 0.6916
2025-12-03 12:17:08,100 __main__ INFO: Transformer Epoch [8/50], Loss: 0.7367
2025-12-03 12:17:09,405 __main__ INFO: Transformer Epoch [9/50], Loss: 0.9240
2025-12-03 12:17:09,452 __main__ INFO: Transformer Epoch [9/50], Loss: 0.8175
2025-12-03 12:17:10,670 __main__ INFO: Transformer Epoch [10/50], Loss: 0.9275
2025-12-03 12:17:10,686 __main__ INFO: Transformer Epoch [10/50], Loss: 0.7288
2025-12-03 12:17:11,905 __main__ INFO: Transformer Epoch [11/50], Loss: 0.6989
2025-12-03 12:17:11,920 __main__ INFO: Transformer Epoch [11/50], Loss: 0.7571
2025-12-03 12:17:13,316 __main__ INFO: Transformer Epoch [12/50], Loss: 0.7017
2025-12-03 12:17:13,316 __main__ INFO: Transformer Epoch [12/50], Loss: 0.7490
2025-12-03 12:17:14,628 __main__ INFO: Transformer Epoch [13/50], Loss: 0.7768
2025-12-03 12:17:14,691 __main__ INFO: Transformer Epoch [13/50], Loss: 0.7618
2025-12-03 12:17:15,917 __main__ INFO: Transformer Epoch [14/50], Loss: 0.8031
2025-12-03 12:17:16,036 __main__ INFO: Transformer Epoch [14/50], Loss: 0.7238
2025-12-03 12:17:17,096 __main__ INFO: Transformer Epoch [15/50], Loss: 0.7596
2025-12-03 12:17:17,206 __main__ INFO: Transformer Epoch [15/50], Loss: 0.6929
2025-12-03 12:17:18,253 __main__ INFO: Transformer Epoch [16/50], Loss: 0.7064
2025-12-03 12:17:18,363 __main__ INFO: Transformer Epoch [16/50], Loss: 0.6977
2025-12-03 12:17:19,564 __main__ INFO: Transformer Epoch [17/50], Loss: 0.6968
2025-12-03 12:17:19,667 __main__ INFO: Transformer Epoch [17/50], Loss: 0.7190
2025-12-03 12:17:20,779 __main__ INFO: Transformer Epoch [18/50], Loss: 0.7182
2025-12-03 12:17:20,905 __main__ INFO: Transformer Epoch [18/50], Loss: 0.7216
2025-12-03 12:17:22,064 __main__ INFO: Transformer Epoch [19/50], Loss: 0.7420
2025-12-03 12:17:22,206 __main__ INFO: Transformer Epoch [19/50], Loss: 0.7069
2025-12-03 12:17:23,314 __main__ INFO: Transformer Epoch [20/50], Loss: 0.7392
2025-12-03 12:17:23,448 __main__ INFO: Transformer Epoch [20/50], Loss: 0.6932
2025-12-03 12:17:24,541 __main__ INFO: Transformer Epoch [21/50], Loss: 0.7181
2025-12-03 12:17:24,699 __main__ INFO: Transformer Epoch [21/50], Loss: 0.6971
2025-12-03 12:17:25,941 __main__ INFO: Transformer Epoch [22/50], Loss: 0.7015
2025-12-03 12:17:26,090 __main__ INFO: Transformer Epoch [22/50], Loss: 0.7026
2025-12-03 12:17:27,246 __main__ INFO: Transformer Epoch [23/50], Loss: 0.6913
2025-12-03 12:17:27,419 __main__ INFO: Transformer Epoch [23/50], Loss: 0.7095
2025-12-03 12:17:28,439 __main__ INFO: Transformer Epoch [24/50], Loss: 0.6979
2025-12-03 12:17:28,612 __main__ INFO: Transformer Epoch [24/50], Loss: 0.7061
2025-12-03 12:17:29,605 __main__ INFO: Transformer Epoch [25/50], Loss: 0.7121
2025-12-03 12:17:29,778 __main__ INFO: Transformer Epoch [25/50], Loss: 0.6980
2025-12-03 12:17:30,753 __main__ INFO: Transformer Epoch [26/50], Loss: 0.7196
2025-12-03 12:17:30,921 __main__ INFO: Transformer Epoch [26/50], Loss: 0.6947
2025-12-03 12:17:32,014 __main__ INFO: Transformer Epoch [27/50], Loss: 0.7121
2025-12-03 12:17:32,316 __main__ INFO: Transformer Epoch [27/50], Loss: 0.6962
2025-12-03 12:17:33,460 __main__ INFO: Transformer Epoch [28/50], Loss: 0.7023
2025-12-03 12:17:33,697 __main__ INFO: Transformer Epoch [28/50], Loss: 0.6997
2025-12-03 12:17:34,763 __main__ INFO: Transformer Epoch [29/50], Loss: 0.6932
2025-12-03 12:17:35,108 __main__ INFO: Transformer Epoch [29/50], Loss: 0.7020
2025-12-03 12:17:35,994 __main__ INFO: Transformer Epoch [30/50], Loss: 0.6924
2025-12-03 12:17:36,294 __main__ INFO: Transformer Epoch [30/50], Loss: 0.7019
2025-12-03 12:17:37,147 __main__ INFO: Transformer Epoch [31/50], Loss: 0.7010
2025-12-03 12:17:37,524 __main__ INFO: Transformer Epoch [31/50], Loss: 0.6952
2025-12-03 12:17:38,444 __main__ INFO: Transformer Epoch [32/50], Loss: 0.7002
2025-12-03 12:17:38,758 __main__ INFO: Transformer Epoch [32/50], Loss: 0.6925
2025-12-03 12:17:39,767 __main__ INFO: Transformer Epoch [33/50], Loss: 0.7043
2025-12-03 12:17:40,088 __main__ INFO: Transformer Epoch [33/50], Loss: 0.6939
2025-12-03 12:17:40,937 __main__ INFO: Transformer Epoch [34/50], Loss: 0.7007
2025-12-03 12:17:41,246 __main__ INFO: Transformer Epoch [34/50], Loss: 0.6911
2025-12-03 12:17:42,097 __main__ INFO: Transformer Epoch [35/50], Loss: 0.6955
2025-12-03 12:17:42,533 __main__ INFO: Transformer Epoch [35/50], Loss: 0.6972
2025-12-03 12:17:43,556 __main__ INFO: Transformer Epoch [36/50], Loss: 0.6933
2025-12-03 12:17:44,147 __main__ INFO: Transformer Epoch [36/50], Loss: 0.6969
2025-12-03 12:17:45,001 __main__ INFO: Transformer Epoch [37/50], Loss: 0.6954
2025-12-03 12:17:45,534 __main__ INFO: Transformer Epoch [37/50], Loss: 0.6961
2025-12-03 12:17:46,314 __main__ INFO: Transformer Epoch [38/50], Loss: 0.6960
2025-12-03 12:17:46,804 __main__ INFO: Transformer Epoch [38/50], Loss: 0.6941
2025-12-03 12:17:47,544 __main__ INFO: Transformer Epoch [39/50], Loss: 0.6991
2025-12-03 12:17:48,039 __main__ INFO: Transformer Epoch [39/50], Loss: 0.6942
2025-12-03 12:17:48,766 __main__ INFO: Transformer Epoch [40/50], Loss: 0.6983
2025-12-03 12:17:49,242 __main__ INFO: Transformer Epoch [40/50], Loss: 0.6994
2025-12-03 12:17:50,048 __main__ INFO: Transformer Epoch [41/50], Loss: 0.6951
2025-12-03 12:17:50,529 __main__ INFO: Transformer Epoch [41/50], Loss: 0.6978
2025-12-03 12:17:51,492 __main__ INFO: Transformer Epoch [42/50], Loss: 0.6965
2025-12-03 12:17:51,876 __main__ INFO: Transformer Epoch [42/50], Loss: 0.6975
2025-12-03 12:17:52,774 __main__ INFO: Transformer Epoch [43/50], Loss: 0.6947
2025-12-03 12:17:53,163 __main__ INFO: Transformer Epoch [43/50], Loss: 0.6967
2025-12-03 12:17:54,130 __main__ INFO: Transformer Epoch [44/50], Loss: 0.6930
2025-12-03 12:17:54,440 __main__ INFO: Transformer Epoch [44/50], Loss: 0.6925
2025-12-03 12:17:55,380 __main__ INFO: Transformer Epoch [45/50], Loss: 0.6934
2025-12-03 12:17:55,761 __main__ INFO: Transformer Epoch [45/50], Loss: 0.6943
2025-12-03 12:17:56,823 __main__ INFO: Transformer Epoch [46/50], Loss: 0.6972
2025-12-03 12:17:57,136 __main__ INFO: Transformer Epoch [46/50], Loss: 0.6941
2025-12-03 12:17:58,179 __main__ INFO: Transformer Epoch [47/50], Loss: 0.6970
2025-12-03 12:17:58,455 __main__ INFO: Transformer Epoch [47/50], Loss: 0.6966
2025-12-03 12:17:59,420 __main__ INFO: Transformer Epoch [48/50], Loss: 0.6955
2025-12-03 12:17:59,759 __main__ INFO: Transformer Epoch [48/50], Loss: 0.6939
2025-12-03 12:18:00,964 __main__ INFO: Transformer Epoch [49/50], Loss: 0.6966
2025-12-03 12:18:01,275 __main__ INFO: Transformer Epoch [49/50], Loss: 0.6910
2025-12-03 12:18:02,389 __main__ INFO: Transformer Epoch [50/50], Loss: 0.6910
2025-12-03 12:18:02,572 __main__ INFO: Transformer model saved at F:\AMG-Project\Multimodel\src\..\models\saved_models\transformer_model.pth
2025-12-03 12:18:02,587 __main__ INFO: Training SVM model...
2025-12-03 12:18:02,634 __main__ WARNING: Data contains non-numeric values; using dummy numeric data for SVM
2025-12-03 12:18:02,666 __main__ INFO: Transformer Epoch [50/50], Loss: 0.6943
2025-12-03 12:18:02,790 __main__ INFO: SVM model saved at F:\AMG-Project\Multimodel\src\..\models\saved_models\svm_model.pkl
2025-12-03 12:18:02,790 __main__ INFO: Training Bayesian model...
2025-12-03 12:18:02,810 __main__ WARNING: Data contains non-numeric values; using dummy numeric data for Bayesian
2025-12-03 12:18:02,825 __main__ INFO: Transformer model saved at F:\AMG-Project\Multimodel\src\..\models\saved_models\transformer_model.pth
2025-12-03 12:18:02,825 __main__ INFO: Training Vision Transformer model...
2025-12-03 12:18:02,838 __main__ INFO: Training SVM model...
2025-12-03 12:18:02,856 __main__ WARNING: Could not reshape data for ViT; using dummy tensors
2025-12-03 12:18:02,871 __main__ WARNING: Data contains non-numeric values; using dummy numeric data for SVM
2025-12-03 12:18:02,929 __main__ INFO: SVM model saved at F:\AMG-Project\Multimodel\src\..\models\saved_models\svm_model.pkl
2025-12-03 12:18:02,929 __main__ INFO: Training Bayesian model...
2025-12-03 12:18:02,956 __main__ WARNING: Data contains non-numeric values; using dummy numeric data for Bayesian
2025-12-03 12:18:02,985 __main__ INFO: Bayesian model saved at F:\AMG-Project\Multimodel\src\..\models\saved_models\bayesian_model.pkl
2025-12-03 12:18:02,985 __main__ INFO: Training Vision Transformer model...
2025-12-03 12:18:03,008 __main__ WARNING: Could not reshape data for ViT; using dummy tensors
2025-12-03 12:18:03,638 __main__ INFO: ViT Epoch [1/50], Loss: 0.7296
2025-12-03 12:18:03,638 __main__ INFO: ViT Epoch [1/50], Loss: 0.7810
2025-12-03 12:18:03,690 __main__ INFO: ViT Epoch [2/50], Loss: 0.6668
2025-12-03 12:18:03,690 __main__ INFO: ViT Epoch [2/50], Loss: 0.7099
2025-12-03 12:18:03,738 __main__ INFO: ViT Epoch [3/50], Loss: 0.7360
2025-12-03 12:18:03,738 __main__ INFO: ViT Epoch [3/50], Loss: 0.7436
2025-12-03 12:18:03,801 __main__ INFO: ViT Epoch [4/50], Loss: 0.7071
2025-12-03 12:18:03,855 __main__ INFO: ViT Epoch [5/50], Loss: 0.6956
2025-12-03 12:18:03,856 __main__ INFO: ViT Epoch [5/50], Loss: 0.6757
2025-12-03 12:18:03,886 __main__ INFO: ViT Epoch [6/50], Loss: 0.6704
2025-12-03 12:18:03,933 __main__ INFO: ViT Epoch [7/50], Loss: 0.7098
2025-12-03 12:18:03,933 __main__ INFO: ViT Epoch [7/50], Loss: 0.6930
2025-12-03 12:18:03,965 __main__ INFO: ViT Epoch [8/50], Loss: 0.6963
2025-12-03 12:18:04,018 __main__ INFO: ViT Epoch [9/50], Loss: 0.6792
2025-12-03 12:18:04,018 __main__ INFO: ViT Epoch [9/50], Loss: 0.7161
2025-12-03 12:18:04,057 __main__ INFO: ViT Epoch [10/50], Loss: 0.6934
2025-12-03 12:18:04,057 __main__ INFO: ViT Epoch [10/50], Loss: 0.7313
2025-12-03 12:18:04,091 __main__ INFO: ViT Epoch [11/50], Loss: 0.7217
2025-12-03 12:18:04,093 __main__ INFO: ViT Epoch [11/50], Loss: 0.6198
2025-12-03 12:18:04,122 __main__ INFO: ViT Epoch [12/50], Loss: 0.6592
2025-12-03 12:18:04,122 __main__ INFO: ViT Epoch [12/50], Loss: 0.6646
2025-12-03 12:18:04,157 __main__ INFO: ViT Epoch [13/50], Loss: 0.6671
2025-12-03 12:18:04,157 __main__ INFO: ViT Epoch [13/50], Loss: 0.6479
2025-12-03 12:18:04,188 __main__ INFO: ViT Epoch [14/50], Loss: 0.6149
2025-12-03 12:18:04,228 __main__ INFO: ViT Epoch [15/50], Loss: 0.6436
2025-12-03 12:18:04,260 __main__ INFO: ViT Epoch [16/50], Loss: 0.6658
2025-12-03 12:18:04,291 __main__ INFO: ViT Epoch [17/50], Loss: 0.6744
2025-12-03 12:18:04,291 __main__ INFO: ViT Epoch [17/50], Loss: 0.6115
2025-12-03 12:18:04,323 __main__ INFO: ViT Epoch [18/50], Loss: 0.6160
2025-12-03 12:18:04,323 __main__ INFO: ViT Epoch [18/50], Loss: 0.6113
2025-12-03 12:18:04,357 __main__ INFO: ViT Epoch [19/50], Loss: 0.5794
2025-12-03 12:18:04,357 __main__ INFO: ViT Epoch [19/50], Loss: 0.6386
2025-12-03 12:18:04,386 __main__ INFO: ViT Epoch [20/50], Loss: 0.6255
2025-12-03 12:18:04,386 __main__ INFO: ViT Epoch [20/50], Loss: 0.6039
2025-12-03 12:18:04,432 __main__ INFO: ViT Epoch [21/50], Loss: 0.5797
2025-12-03 12:18:04,432 __main__ INFO: ViT Epoch [21/50], Loss: 0.5546
2025-12-03 12:18:04,475 __main__ INFO: ViT Epoch [22/50], Loss: 0.5600
2025-12-03 12:18:04,475 __main__ INFO: ViT Epoch [22/50], Loss: 0.5700
2025-12-03 12:18:04,530 __main__ INFO: ViT Epoch [23/50], Loss: 0.5482
2025-12-03 12:18:04,539 __main__ INFO: ViT Epoch [23/50], Loss: 0.4980
2025-12-03 12:18:04,589 __main__ INFO: ViT Epoch [24/50], Loss: 0.4797
2025-12-03 12:18:04,593 __main__ INFO: ViT Epoch [24/50], Loss: 0.4514
2025-12-03 12:18:04,635 __main__ INFO: ViT Epoch [25/50], Loss: 0.4353
2025-12-03 12:18:04,639 __main__ INFO: ViT Epoch [25/50], Loss: 0.4516
2025-12-03 12:18:04,685 __main__ INFO: ViT Epoch [26/50], Loss: 0.3703
2025-12-03 12:18:04,687 __main__ INFO: ViT Epoch [26/50], Loss: 0.3821
2025-12-03 12:18:04,721 __main__ INFO: ViT Epoch [27/50], Loss: 0.3358
2025-12-03 12:18:04,738 __main__ INFO: ViT Epoch [27/50], Loss: 0.3218
2025-12-03 12:18:04,804 __main__ INFO: ViT Epoch [28/50], Loss: 0.2476
2025-12-03 12:18:04,804 __main__ INFO: ViT Epoch [28/50], Loss: 0.2662
2025-12-03 12:18:04,863 __main__ INFO: ViT Epoch [29/50], Loss: 0.2001
2025-12-03 12:18:04,909 __main__ INFO: ViT Epoch [30/50], Loss: 0.2412
2025-12-03 12:18:04,909 __main__ INFO: ViT Epoch [30/50], Loss: 0.1735
2025-12-03 12:18:04,972 __main__ INFO: ViT Epoch [31/50], Loss: 0.1295
2025-12-03 12:18:04,972 __main__ INFO: ViT Epoch [31/50], Loss: 0.1785
2025-12-03 12:18:05,057 __main__ INFO: ViT Epoch [32/50], Loss: 0.0829
2025-12-03 12:18:05,058 __main__ INFO: ViT Epoch [32/50], Loss: 0.1346
2025-12-03 12:18:05,121 __main__ INFO: ViT Epoch [33/50], Loss: 0.0720
2025-12-03 12:18:05,121 __main__ INFO: ViT Epoch [33/50], Loss: 0.0846
2025-12-03 12:18:05,169 __main__ INFO: ViT Epoch [34/50], Loss: 0.0656
2025-12-03 12:18:05,169 __main__ INFO: ViT Epoch [34/50], Loss: 0.0792
2025-12-03 12:18:05,206 __main__ INFO: ViT Epoch [35/50], Loss: 0.0526
2025-12-03 12:18:05,237 __main__ INFO: ViT Epoch [36/50], Loss: 0.0312
2025-12-03 12:18:05,237 __main__ INFO: ViT Epoch [36/50], Loss: 0.0112
2025-12-03 12:18:05,281 __main__ INFO: ViT Epoch [37/50], Loss: 0.0209
2025-12-03 12:18:05,281 __main__ INFO: ViT Epoch [37/50], Loss: 0.0133
2025-12-03 12:18:05,321 __main__ INFO: ViT Epoch [38/50], Loss: 0.0145
2025-12-03 12:18:05,321 __main__ INFO: ViT Epoch [38/50], Loss: 0.0125
2025-12-03 12:18:05,367 __main__ INFO: ViT Epoch [39/50], Loss: 0.0099
2025-12-03 12:18:05,367 __main__ INFO: ViT Epoch [39/50], Loss: 0.0107
2025-12-03 12:18:05,407 __main__ INFO: ViT Epoch [40/50], Loss: 0.0115
2025-12-03 12:18:05,449 __main__ INFO: ViT Epoch [41/50], Loss: 0.0112
2025-12-03 12:18:05,449 __main__ INFO: ViT Epoch [41/50], Loss: 0.0071
2025-12-03 12:18:05,481 __main__ INFO: ViT Epoch [42/50], Loss: 0.0027
2025-12-03 12:18:05,481 __main__ INFO: ViT Epoch [42/50], Loss: 0.0095
2025-12-03 12:18:05,517 __main__ INFO: ViT Epoch [43/50], Loss: 0.0022
2025-12-03 12:18:05,517 __main__ INFO: ViT Epoch [43/50], Loss: 0.0031
2025-12-03 12:18:05,546 __main__ INFO: ViT Epoch [44/50], Loss: 0.0025
2025-12-03 12:18:05,578 __main__ INFO: ViT Epoch [45/50], Loss: 0.0026
2025-12-03 12:18:05,609 __main__ INFO: ViT Epoch [46/50], Loss: 0.0017
2025-12-03 12:18:05,609 __main__ INFO: ViT Epoch [46/50], Loss: 0.0019
2025-12-03 12:18:05,644 __main__ INFO: ViT Epoch [47/50], Loss: 0.0019
2025-12-03 12:18:05,644 __main__ INFO: ViT Epoch [47/50], Loss: 0.0022
2025-12-03 12:18:05,689 __main__ INFO: ViT Epoch [48/50], Loss: 0.0020
2025-12-03 12:18:05,723 __main__ INFO: ViT Epoch [49/50], Loss: 0.0016
2025-12-03 12:18:05,723 __main__ INFO: ViT Epoch [49/50], Loss: 0.0021
2025-12-03 12:18:05,772 __main__ INFO: ViT Epoch [50/50], Loss: 0.0093
2025-12-03 12:18:05,772 __main__ INFO: ViT Epoch [50/50], Loss: 0.0016
2025-12-03 12:18:05,780 __main__ INFO: Vision Transformer model saved at F:\AMG-Project\Multimodel\src\..\models\saved_models\vision_transformer_model.pth
2025-12-03 12:18:05,780 __main__ INFO: Vision Transformer model saved at F:\AMG-Project\Multimodel\src\..\models\saved_models\vision_transformer_model.pth
